2019-03-19 10:44:17.769  INFO 6484 --- [main] c.i.content.audit.GoodviewApplication    : Starting GoodviewApplication on JISHU019 with PID 6484 (E:\Projects\war-content-audit\target\classes started by zouxiaodong in E:\Projects\war-content-audit)
2019-03-19 10:44:17.776  INFO 6484 --- [main] c.i.content.audit.GoodviewApplication    : No active profile set, falling back to default profiles: default
2019-03-19 10:44:19.816  WARN 6484 --- [main] o.m.s.mapper.ClassPathMapperScanner      : No MyBatis mapper was found in '[com.intermap.content.audit.controller, com.intermap.content.audit]' package. Please check your configuration.
2019-03-19 10:44:21.639  INFO 6484 --- [main] o.s.b.w.embedded.tomcat.TomcatWebServer  : Tomcat initialized with port(s): 8080 (http)
2019-03-19 10:44:21.692  INFO 6484 --- [main] o.apache.catalina.core.StandardService   : Starting service [Tomcat]
2019-03-19 10:44:21.693  INFO 6484 --- [main] org.apache.catalina.core.StandardEngine  : Starting Servlet engine: [Apache Tomcat/9.0.16]
2019-03-19 10:44:21.711  INFO 6484 --- [main] o.a.catalina.core.AprLifecycleListener   : The APR based Apache Tomcat Native library which allows optimal performance in production environments was not found on the java.library.path: [C:\java\jdk1.8.0_112\bin;C:\Windows\Sun\Java\bin;C:\Windows\system32;C:\Windows;C:\ProgramData\Oracle\Java\javapath;C:\Windows\system32;C:\Windows;C:\Windows\System32\Wbem;C:\Windows\System32\WindowsPowerShell\v1.0\;C:\java\Git\cmd;D:\Program Files\TortoiseGit\bin;D:\Program Files\Anaconda2;D:\Program Files\Anaconda2\Scripts;D:\Program Files\Anaconda2\Library\bin;D:\Program Files\apache-maven-3.3.9\bin;C:\java\jdk1.8.0_112\bin;C:\java\jdk1.8.0_112\jre\bin;C:\Program Files\nodejs\;C:\Users\zouxiaodong\AppData\Roaming\npm;.]
2019-03-19 10:44:22.205  INFO 6484 --- [main] o.a.c.c.C.[Tomcat].[localhost].[/]       : Initializing Spring embedded WebApplicationContext
2019-03-19 10:44:22.206  INFO 6484 --- [main] o.s.web.context.ContextLoader            : Root WebApplicationContext: initialization completed in 4237 ms
2019-03-19 10:44:23.230  INFO 6484 --- [main] o.s.s.concurrent.ThreadPoolTaskExecutor  : Initializing ExecutorService 'applicationTaskExecutor'
2019-03-19 10:44:23.798  INFO 6484 --- [main] o.s.b.w.embedded.tomcat.TomcatWebServer  : Tomcat started on port(s): 8080 (http) with context path ''
2019-03-19 10:44:23.803  INFO 6484 --- [main] c.i.content.audit.GoodviewApplication    : Started GoodviewApplication in 6.911 seconds (JVM running for 7.91)
2019-03-19 10:45:13.007  INFO 6484 --- [http-nio-8080-exec-1] o.a.c.c.C.[Tomcat].[localhost].[/]       : Initializing Spring DispatcherServlet 'dispatcherServlet'
2019-03-19 10:45:13.008  INFO 6484 --- [http-nio-8080-exec-1] o.s.web.servlet.DispatcherServlet        : Initializing Servlet 'dispatcherServlet'
2019-03-19 10:45:13.057  INFO 6484 --- [http-nio-8080-exec-1] o.s.web.servlet.DispatcherServlet        : Completed initialization in 49 ms
2019-03-19 10:45:13.111  INFO 6484 --- [http-nio-8080-exec-1] c.i.c.a.c.ContentAuditController         : test!!!!!!!!!!!!!!!!!!!!!!!!!
2019-03-19 10:45:18.205  INFO 6484 --- [http-nio-8080-exec-1] com.alibaba.druid.pool.DruidDataSource   : {dataSource-1} inited
2019-03-19 10:46:54.901  INFO 2996 --- [main] c.i.content.audit.GoodviewApplication    : Starting GoodviewApplication on JISHU019 with PID 2996 (E:\Projects\war-content-audit\target\classes started by zouxiaodong in E:\Projects\war-content-audit)
2019-03-19 10:46:54.907  INFO 2996 --- [main] c.i.content.audit.GoodviewApplication    : No active profile set, falling back to default profiles: default
2019-03-19 10:46:56.667  WARN 2996 --- [main] o.m.s.mapper.ClassPathMapperScanner      : No MyBatis mapper was found in '[com.intermap.content.audit.controller, com.intermap.content.audit]' package. Please check your configuration.
2019-03-19 10:46:58.591  INFO 2996 --- [main] o.s.b.w.embedded.tomcat.TomcatWebServer  : Tomcat initialized with port(s): 8080 (http)
2019-03-19 10:46:58.643  INFO 2996 --- [main] o.apache.catalina.core.StandardService   : Starting service [Tomcat]
2019-03-19 10:46:58.644  INFO 2996 --- [main] org.apache.catalina.core.StandardEngine  : Starting Servlet engine: [Apache Tomcat/9.0.16]
2019-03-19 10:46:58.663  INFO 2996 --- [main] o.a.catalina.core.AprLifecycleListener   : The APR based Apache Tomcat Native library which allows optimal performance in production environments was not found on the java.library.path: [C:\java\jdk1.8.0_112\bin;C:\Windows\Sun\Java\bin;C:\Windows\system32;C:\Windows;C:\ProgramData\Oracle\Java\javapath;C:\Windows\system32;C:\Windows;C:\Windows\System32\Wbem;C:\Windows\System32\WindowsPowerShell\v1.0\;C:\java\Git\cmd;D:\Program Files\TortoiseGit\bin;D:\Program Files\Anaconda2;D:\Program Files\Anaconda2\Scripts;D:\Program Files\Anaconda2\Library\bin;D:\Program Files\apache-maven-3.3.9\bin;C:\java\jdk1.8.0_112\bin;C:\java\jdk1.8.0_112\jre\bin;C:\Program Files\nodejs\;C:\Users\zouxiaodong\AppData\Roaming\npm;.]
2019-03-19 10:46:59.012  INFO 2996 --- [main] o.a.c.c.C.[Tomcat].[localhost].[/]       : Initializing Spring embedded WebApplicationContext
2019-03-19 10:46:59.013  INFO 2996 --- [main] o.s.web.context.ContextLoader            : Root WebApplicationContext: initialization completed in 4011 ms
2019-03-19 10:46:59.928  INFO 2996 --- [main] o.s.s.concurrent.ThreadPoolTaskExecutor  : Initializing ExecutorService 'applicationTaskExecutor'
2019-03-19 10:47:00.478  INFO 2996 --- [main] o.s.b.w.embedded.tomcat.TomcatWebServer  : Tomcat started on port(s): 8080 (http) with context path ''
2019-03-19 10:47:00.484  INFO 2996 --- [main] c.i.content.audit.GoodviewApplication    : Started GoodviewApplication in 6.45 seconds (JVM running for 7.396)
2019-03-19 10:47:07.874  INFO 2996 --- [http-nio-8080-exec-4] o.a.c.c.C.[Tomcat].[localhost].[/]       : Initializing Spring DispatcherServlet 'dispatcherServlet'
2019-03-19 10:47:07.875  INFO 2996 --- [http-nio-8080-exec-4] o.s.web.servlet.DispatcherServlet        : Initializing Servlet 'dispatcherServlet'
2019-03-19 10:47:07.888  INFO 2996 --- [http-nio-8080-exec-4] o.s.web.servlet.DispatcherServlet        : Completed initialization in 13 ms
2019-03-19 10:47:07.934  INFO 2996 --- [http-nio-8080-exec-4] c.i.c.a.c.ContentAuditController         : test!!!!!!!!!!!!!!!!!!!!!!!!!
2019-03-19 10:47:08.096  INFO 2996 --- [http-nio-8080-exec-4] com.alibaba.druid.pool.DruidDataSource   : {dataSource-1} inited
2019-03-19 10:47:28.934  INFO 2996 --- [http-nio-8080-exec-7] c.i.c.a.c.ContentAuditController         : test!!!!!!!!!!!!!!!!!!!!!!!!!
2019-03-19 10:49:15.265  INFO 7608 --- [main] c.i.content.audit.GoodviewApplication    : Starting GoodviewApplication on JISHU019 with PID 7608 (E:\Projects\war-content-audit\target\classes started by zouxiaodong in E:\Projects\war-content-audit)
2019-03-19 10:49:15.326  INFO 7608 --- [main] c.i.content.audit.GoodviewApplication    : No active profile set, falling back to default profiles: default
2019-03-19 10:49:17.544  WARN 7608 --- [main] o.m.s.mapper.ClassPathMapperScanner      : No MyBatis mapper was found in '[com.intermap.content.audit.controller, com.intermap.content.audit]' package. Please check your configuration.
2019-03-19 10:49:19.180  INFO 7608 --- [main] o.s.b.w.embedded.tomcat.TomcatWebServer  : Tomcat initialized with port(s): 8080 (http)
2019-03-19 10:49:19.237  INFO 7608 --- [main] o.apache.catalina.core.StandardService   : Starting service [Tomcat]
2019-03-19 10:49:19.237  INFO 7608 --- [main] org.apache.catalina.core.StandardEngine  : Starting Servlet engine: [Apache Tomcat/9.0.16]
2019-03-19 10:49:19.254  INFO 7608 --- [main] o.a.catalina.core.AprLifecycleListener   : The APR based Apache Tomcat Native library which allows optimal performance in production environments was not found on the java.library.path: [C:\java\jdk1.8.0_112\bin;C:\Windows\Sun\Java\bin;C:\Windows\system32;C:\Windows;C:\ProgramData\Oracle\Java\javapath;C:\Windows\system32;C:\Windows;C:\Windows\System32\Wbem;C:\Windows\System32\WindowsPowerShell\v1.0\;C:\java\Git\cmd;D:\Program Files\TortoiseGit\bin;D:\Program Files\Anaconda2;D:\Program Files\Anaconda2\Scripts;D:\Program Files\Anaconda2\Library\bin;D:\Program Files\apache-maven-3.3.9\bin;C:\java\jdk1.8.0_112\bin;C:\java\jdk1.8.0_112\jre\bin;C:\Program Files\nodejs\;C:\Users\zouxiaodong\AppData\Roaming\npm;.]
2019-03-19 10:49:19.682  INFO 7608 --- [main] o.a.c.c.C.[Tomcat].[localhost].[/]       : Initializing Spring embedded WebApplicationContext
2019-03-19 10:49:19.682  INFO 7608 --- [main] o.s.web.context.ContextLoader            : Root WebApplicationContext: initialization completed in 4233 ms
2019-03-19 10:49:20.588  INFO 7608 --- [main] o.s.s.concurrent.ThreadPoolTaskExecutor  : Initializing ExecutorService 'applicationTaskExecutor'
2019-03-19 10:49:21.071  INFO 7608 --- [main] o.s.b.w.embedded.tomcat.TomcatWebServer  : Tomcat started on port(s): 8080 (http) with context path ''
2019-03-19 10:49:21.080  INFO 7608 --- [main] c.i.content.audit.GoodviewApplication    : Started GoodviewApplication in 6.917 seconds (JVM running for 7.783)
2019-03-19 10:49:38.408  INFO 7608 --- [http-nio-8080-exec-1] o.a.c.c.C.[Tomcat].[localhost].[/]       : Initializing Spring DispatcherServlet 'dispatcherServlet'
2019-03-19 10:49:38.408  INFO 7608 --- [http-nio-8080-exec-1] o.s.web.servlet.DispatcherServlet        : Initializing Servlet 'dispatcherServlet'
2019-03-19 10:49:38.430  INFO 7608 --- [http-nio-8080-exec-1] o.s.web.servlet.DispatcherServlet        : Completed initialization in 21 ms
2019-03-19 10:49:38.469  INFO 7608 --- [http-nio-8080-exec-1] c.i.c.a.c.ContentAuditController         : test!!!!!!!!!!!!!!!!!!!!!!!!!
2019-03-19 10:49:38.562  INFO 7608 --- [http-nio-8080-exec-1] com.alibaba.druid.pool.DruidDataSource   : {dataSource-1} inited
2019-03-19 10:51:42.280  INFO 3084 --- [main] c.i.content.audit.GoodviewApplication    : Starting GoodviewApplication on JISHU019 with PID 3084 (E:\Projects\war-content-audit\target\classes started by zouxiaodong in E:\Projects\war-content-audit)
2019-03-19 10:51:42.285  INFO 3084 --- [main] c.i.content.audit.GoodviewApplication    : No active profile set, falling back to default profiles: default
2019-03-19 10:51:44.448  WARN 3084 --- [main] o.m.s.mapper.ClassPathMapperScanner      : No MyBatis mapper was found in '[com.intermap.content.audit.controller, com.intermap.content.audit]' package. Please check your configuration.
2019-03-19 10:51:45.955  INFO 3084 --- [main] o.s.b.w.embedded.tomcat.TomcatWebServer  : Tomcat initialized with port(s): 8080 (http)
2019-03-19 10:51:46.002  INFO 3084 --- [main] o.apache.catalina.core.StandardService   : Starting service [Tomcat]
2019-03-19 10:51:46.003  INFO 3084 --- [main] org.apache.catalina.core.StandardEngine  : Starting Servlet engine: [Apache Tomcat/9.0.16]
2019-03-19 10:51:46.020  INFO 3084 --- [main] o.a.catalina.core.AprLifecycleListener   : The APR based Apache Tomcat Native library which allows optimal performance in production environments was not found on the java.library.path: [C:\java\jdk1.8.0_112\bin;C:\Windows\Sun\Java\bin;C:\Windows\system32;C:\Windows;C:\ProgramData\Oracle\Java\javapath;C:\Windows\system32;C:\Windows;C:\Windows\System32\Wbem;C:\Windows\System32\WindowsPowerShell\v1.0\;C:\java\Git\cmd;D:\Program Files\TortoiseGit\bin;D:\Program Files\Anaconda2;D:\Program Files\Anaconda2\Scripts;D:\Program Files\Anaconda2\Library\bin;D:\Program Files\apache-maven-3.3.9\bin;C:\java\jdk1.8.0_112\bin;C:\java\jdk1.8.0_112\jre\bin;C:\Program Files\nodejs\;C:\Users\zouxiaodong\AppData\Roaming\npm;.]
2019-03-19 10:51:46.467  INFO 3084 --- [main] o.a.c.c.C.[Tomcat].[localhost].[/]       : Initializing Spring embedded WebApplicationContext
2019-03-19 10:51:46.467  INFO 3084 --- [main] o.s.web.context.ContextLoader            : Root WebApplicationContext: initialization completed in 4098 ms
2019-03-19 10:51:47.362  INFO 3084 --- [main] o.s.s.concurrent.ThreadPoolTaskExecutor  : Initializing ExecutorService 'applicationTaskExecutor'
2019-03-19 10:51:47.858  INFO 3084 --- [main] o.s.b.w.embedded.tomcat.TomcatWebServer  : Tomcat started on port(s): 8080 (http) with context path ''
2019-03-19 10:51:47.862  INFO 3084 --- [main] c.i.content.audit.GoodviewApplication    : Started GoodviewApplication in 6.554 seconds (JVM running for 7.576)
2019-03-19 10:52:28.784  INFO 3084 --- [http-nio-8080-exec-1] o.a.c.c.C.[Tomcat].[localhost].[/]       : Initializing Spring DispatcherServlet 'dispatcherServlet'
2019-03-19 10:52:28.785  INFO 3084 --- [http-nio-8080-exec-1] o.s.web.servlet.DispatcherServlet        : Initializing Servlet 'dispatcherServlet'
2019-03-19 10:52:28.802  INFO 3084 --- [http-nio-8080-exec-1] o.s.web.servlet.DispatcherServlet        : Completed initialization in 16 ms
2019-03-19 10:52:28.850  INFO 3084 --- [http-nio-8080-exec-1] c.i.c.a.c.ContentAuditController         : test!!!!!!!!!!!!!!!!!!!!!!!!!
2019-03-19 10:52:28.968  INFO 3084 --- [http-nio-8080-exec-1] com.alibaba.druid.pool.DruidDataSource   : {dataSource-1} inited
